SF:lib/features/home/presentation/bloc/home_bloc.dart
DA:7,3
DA:8,2
DA:9,2
DA:10,2
DA:13,1
DA:15,1
DA:16,3
DA:19,1
DA:21,1
DA:22,3
DA:25,1
DA:27,1
DA:28,3
LF:13
LH:13
end_of_record
SF:lib/features/home/presentation/bloc/home_state.dart
DA:4,0
DA:5,0
DA:9,1
DA:10,1
DA:16,1
DA:17,1
DA:18,2
LF:7
LH:5
end_of_record
SF:lib/features/events/presentation/bloc/set_availability_bloc.dart
DA:10,3
DA:11,2
DA:12,2
DA:13,2
DA:16,1
DA:18,2
DA:19,3
DA:22,1
DA:24,2
DA:25,2
DA:26,3
DA:30,1
DA:32,2
DA:33,3
LF:14
LH:14
end_of_record
SF:lib/features/events/presentation/bloc/set_availability_state.dart
DA:4,0
DA:5,0
DA:13,1
DA:14,2
DA:22,1
DA:24,1
DA:25,2
DA:31,0
DA:32,0
DA:38,1
DA:40,1
DA:41,2
LF:12
LH:8
end_of_record
SF:lib/shared/form_drop_down/bloc/form_drop_down_bloc.dart
DA:7,3
DA:8,2
DA:11,1
DA:13,3
LF:4
LH:4
end_of_record
SF:lib/shared/form_drop_down/bloc/form_drop_down_state.dart
DA:4,0
DA:5,0
DA:10,1
DA:11,2
DA:15,1
DA:18,1
DA:19,2
LF:7
LH:5
end_of_record
